<?xml version="1.0" encoding="UTF-8"?>
<!-- Generated by org.testng.reporters.JUnitXMLReporter -->
<testsuite hostname="YELLAB2-L1" ignored="0" name="Add Customer Test" tests="4" failures="0" timestamp="25 Jul 2018 05:15:06 GMT" time="2.92" errors="0">
  <testcase name="addCustomer" time="1.108" classname="com.rise.testcases.AddCustomerTest"/>
  <testcase name="addCustomer" time="0.625" classname="com.rise.testcases.AddCustomerTest"/>
  <testcase name="addCustomer" time="0.578" classname="com.rise.testcases.AddCustomerTest"/>
  <testcase name="addCustomer" time="0.593" classname="com.rise.testcases.AddCustomerTest"/>
</testsuite> <!-- Add Customer Test -->
