<?xml version="1.0" encoding="UTF-8"?>
<!-- Generated by org.testng.reporters.JUnitXMLReporter -->
<testsuite hostname="YELLAB2-L1" ignored="0" name="Add Customer Test" tests="4" failures="0" timestamp="16 May 2018 10:04:10 GMT" time="3.38" errors="0">
  <testcase name="addCustomer" time="1.231" classname="com.rise.testcases.AddCustomerTest"/>
  <testcase name="addCustomer" time="0.749" classname="com.rise.testcases.AddCustomerTest"/>
  <testcase name="addCustomer" time="0.64" classname="com.rise.testcases.AddCustomerTest"/>
  <testcase name="addCustomer" time="0.722" classname="com.rise.testcases.AddCustomerTest"/>
</testsuite> <!-- Add Customer Test -->
