<?xml version="1.0" encoding="UTF-8"?>
<!-- Generated by org.testng.reporters.JUnitXMLReporter -->
<testsuite hostname="YELLAB2-L1" ignored="0" name="AddCustomerTest" tests="4" failures="0" timestamp="16 May 2018 09:30:50 GMT" time="15.296" errors="0">
  <testcase name="addCustomer" time="4.255" classname="com.rise.testcases.AddCustomerTest"/>
  <testcase name="addCustomer" time="3.728" classname="com.rise.testcases.AddCustomerTest"/>
  <testcase name="addCustomer" time="3.622" classname="com.rise.testcases.AddCustomerTest"/>
  <testcase name="addCustomer" time="3.661" classname="com.rise.testcases.AddCustomerTest"/>
</testsuite> <!-- AddCustomerTest -->
