<?xml version="1.0" encoding="UTF-8"?>
<testsuite name="Add Customer Test"
           tests="4"
           failures="0"
           errors="0"
           skipped="0"
           time="2.904">
  <properties />
  
  
            <testcase name="addCustomer" time="0.578" classname="com.rise.testcases.AddCustomerTest" />
                <testcase name="addCustomer" time="0.593" classname="com.rise.testcases.AddCustomerTest" />
                <testcase name="addCustomer" time="1.108" classname="com.rise.testcases.AddCustomerTest" />
                <testcase name="addCustomer" time="0.625" classname="com.rise.testcases.AddCustomerTest" />
      
</testsuite>
