<?xml version="1.0" encoding="UTF-8"?>
<testsuite name="Add Customer Test"
           tests="4"
           failures="0"
           errors="0"
           skipped="0"
           time="3.342">
  <properties />
  
  
            <testcase name="addCustomer" time="1.231" classname="com.rise.testcases.AddCustomerTest" />
                <testcase name="addCustomer" time="0.749" classname="com.rise.testcases.AddCustomerTest" />
                <testcase name="addCustomer" time="0.640" classname="com.rise.testcases.AddCustomerTest" />
                <testcase name="addCustomer" time="0.722" classname="com.rise.testcases.AddCustomerTest" />
      
</testsuite>
